find_header: checking for sqlite3.h... -------------------- yes

"gcc -E -I. -I/Users/vasily/.rvm/rubies/ruby-1.8.7-p160/lib/ruby/1.8/i686-darwin10.6.0 -I.  -D_XOPEN_SOURCE -D_DARWIN_C_SOURCE   -g -O2  -fno-common -pipe -fno-common    conftest.c -o conftest.i"
checked program was:
/* begin */
1: #include <sqlite3.h>
/* end */

--------------------

find_library: checking for sqlite3_libversion_number() in -lsqlite3... -------------------- yes

"gcc -o conftest -I. -I/Users/vasily/.rvm/rubies/ruby-1.8.7-p160/lib/ruby/1.8/i686-darwin10.6.0 -I.  -D_XOPEN_SOURCE -D_DARWIN_C_SOURCE   -g -O2  -fno-common -pipe -fno-common   conftest.c  -L. -L/Users/vasily/.rvm/rubies/ruby-1.8.7-p160/lib -L.      -lruby-static -lsqlite3  -ldl -lobjc  "
conftest.c: In function 't':
conftest.c:3: error: 'sqlite3_libversion_number' undeclared (first use in this function)
conftest.c:3: error: (Each undeclared identifier is reported only once
conftest.c:3: error: for each function it appears in.)
checked program was:
/* begin */
1: /*top*/
2: int main() { return 0; }
3: int t() { void ((*volatile p)()); p = (void ((*)()))sqlite3_libversion_number; return 0; }
/* end */

"gcc -o conftest -I. -I/Users/vasily/.rvm/rubies/ruby-1.8.7-p160/lib/ruby/1.8/i686-darwin10.6.0 -I.  -D_XOPEN_SOURCE -D_DARWIN_C_SOURCE   -g -O2  -fno-common -pipe -fno-common   conftest.c  -L. -L/Users/vasily/.rvm/rubies/ruby-1.8.7-p160/lib -L.      -lruby-static -lsqlite3  -ldl -lobjc  "
checked program was:
/* begin */
1: /*top*/
2: int main() { return 0; }
3: int t() { sqlite3_libversion_number(); return 0; }
/* end */

--------------------

have_func: checking for rb_proc_arity()... -------------------- no

"gcc -o conftest -I. -I/Users/vasily/.rvm/rubies/ruby-1.8.7-p160/lib/ruby/1.8/i686-darwin10.6.0 -I.  -D_XOPEN_SOURCE -D_DARWIN_C_SOURCE   -g -O2  -fno-common -pipe -fno-common   conftest.c  -L. -L/Users/vasily/.rvm/rubies/ruby-1.8.7-p160/lib -L.     -lsqlite3  -lruby-static -lsqlite3  -ldl -lobjc  "
conftest.c: In function 't':
conftest.c:3: error: 'rb_proc_arity' undeclared (first use in this function)
conftest.c:3: error: (Each undeclared identifier is reported only once
conftest.c:3: error: for each function it appears in.)
checked program was:
/* begin */
1: /*top*/
2: int main() { return 0; }
3: int t() { void ((*volatile p)()); p = (void ((*)()))rb_proc_arity; return 0; }
/* end */

"gcc -o conftest -I. -I/Users/vasily/.rvm/rubies/ruby-1.8.7-p160/lib/ruby/1.8/i686-darwin10.6.0 -I.  -D_XOPEN_SOURCE -D_DARWIN_C_SOURCE   -g -O2  -fno-common -pipe -fno-common   conftest.c  -L. -L/Users/vasily/.rvm/rubies/ruby-1.8.7-p160/lib -L.     -lsqlite3  -lruby-static -lsqlite3  -ldl -lobjc  "
Undefined symbols:
  "_rb_proc_arity", referenced from:
      _t in cczUAQ3g.o
ld: symbol(s) not found
collect2: ld returned 1 exit status
checked program was:
/* begin */
1: /*top*/
2: int main() { return 0; }
3: int t() { rb_proc_arity(); return 0; }
/* end */

--------------------

have_func: checking for sqlite3_initialize()... -------------------- yes

"gcc -o conftest -I. -I/Users/vasily/.rvm/rubies/ruby-1.8.7-p160/lib/ruby/1.8/i686-darwin10.6.0 -I.  -D_XOPEN_SOURCE -D_DARWIN_C_SOURCE   -g -O2  -fno-common -pipe -fno-common   conftest.c  -L. -L/Users/vasily/.rvm/rubies/ruby-1.8.7-p160/lib -L.     -lsqlite3  -lruby-static -lsqlite3  -ldl -lobjc  "
conftest.c: In function 't':
conftest.c:3: error: 'sqlite3_initialize' undeclared (first use in this function)
conftest.c:3: error: (Each undeclared identifier is reported only once
conftest.c:3: error: for each function it appears in.)
checked program was:
/* begin */
1: /*top*/
2: int main() { return 0; }
3: int t() { void ((*volatile p)()); p = (void ((*)()))sqlite3_initialize; return 0; }
/* end */

"gcc -o conftest -I. -I/Users/vasily/.rvm/rubies/ruby-1.8.7-p160/lib/ruby/1.8/i686-darwin10.6.0 -I.  -D_XOPEN_SOURCE -D_DARWIN_C_SOURCE   -g -O2  -fno-common -pipe -fno-common   conftest.c  -L. -L/Users/vasily/.rvm/rubies/ruby-1.8.7-p160/lib -L.     -lsqlite3  -lruby-static -lsqlite3  -ldl -lobjc  "
checked program was:
/* begin */
1: /*top*/
2: int main() { return 0; }
3: int t() { sqlite3_initialize(); return 0; }
/* end */

--------------------

have_func: checking for sqlite3_backup_init()... -------------------- yes

"gcc -o conftest -I. -I/Users/vasily/.rvm/rubies/ruby-1.8.7-p160/lib/ruby/1.8/i686-darwin10.6.0 -I.  -D_XOPEN_SOURCE -D_DARWIN_C_SOURCE   -g -O2  -fno-common -pipe -fno-common   conftest.c  -L. -L/Users/vasily/.rvm/rubies/ruby-1.8.7-p160/lib -L.     -lsqlite3  -lruby-static -lsqlite3  -ldl -lobjc  "
conftest.c: In function 't':
conftest.c:3: error: 'sqlite3_backup_init' undeclared (first use in this function)
conftest.c:3: error: (Each undeclared identifier is reported only once
conftest.c:3: error: for each function it appears in.)
checked program was:
/* begin */
1: /*top*/
2: int main() { return 0; }
3: int t() { void ((*volatile p)()); p = (void ((*)()))sqlite3_backup_init; return 0; }
/* end */

"gcc -o conftest -I. -I/Users/vasily/.rvm/rubies/ruby-1.8.7-p160/lib/ruby/1.8/i686-darwin10.6.0 -I.  -D_XOPEN_SOURCE -D_DARWIN_C_SOURCE   -g -O2  -fno-common -pipe -fno-common   conftest.c  -L. -L/Users/vasily/.rvm/rubies/ruby-1.8.7-p160/lib -L.     -lsqlite3  -lruby-static -lsqlite3  -ldl -lobjc  "
checked program was:
/* begin */
1: /*top*/
2: int main() { return 0; }
3: int t() { sqlite3_backup_init(); return 0; }
/* end */

--------------------

have_func: checking for sqlite3_column_database_name()... -------------------- no

"gcc -o conftest -I. -I/Users/vasily/.rvm/rubies/ruby-1.8.7-p160/lib/ruby/1.8/i686-darwin10.6.0 -I.  -D_XOPEN_SOURCE -D_DARWIN_C_SOURCE   -g -O2  -fno-common -pipe -fno-common   conftest.c  -L. -L/Users/vasily/.rvm/rubies/ruby-1.8.7-p160/lib -L.     -lsqlite3  -lruby-static -lsqlite3  -ldl -lobjc  "
conftest.c: In function 't':
conftest.c:3: error: 'sqlite3_column_database_name' undeclared (first use in this function)
conftest.c:3: error: (Each undeclared identifier is reported only once
conftest.c:3: error: for each function it appears in.)
checked program was:
/* begin */
1: /*top*/
2: int main() { return 0; }
3: int t() { void ((*volatile p)()); p = (void ((*)()))sqlite3_column_database_name; return 0; }
/* end */

"gcc -o conftest -I. -I/Users/vasily/.rvm/rubies/ruby-1.8.7-p160/lib/ruby/1.8/i686-darwin10.6.0 -I.  -D_XOPEN_SOURCE -D_DARWIN_C_SOURCE   -g -O2  -fno-common -pipe -fno-common   conftest.c  -L. -L/Users/vasily/.rvm/rubies/ruby-1.8.7-p160/lib -L.     -lsqlite3  -lruby-static -lsqlite3  -ldl -lobjc  "
Undefined symbols:
  "_sqlite3_column_database_name", referenced from:
      _t in ccHkSamW.o
ld: symbol(s) not found
collect2: ld returned 1 exit status
checked program was:
/* begin */
1: /*top*/
2: int main() { return 0; }
3: int t() { sqlite3_column_database_name(); return 0; }
/* end */

--------------------

have_func: checking for sqlite3_enable_load_extension()... -------------------- no

"gcc -o conftest -I. -I/Users/vasily/.rvm/rubies/ruby-1.8.7-p160/lib/ruby/1.8/i686-darwin10.6.0 -I.  -D_XOPEN_SOURCE -D_DARWIN_C_SOURCE   -g -O2  -fno-common -pipe -fno-common   conftest.c  -L. -L/Users/vasily/.rvm/rubies/ruby-1.8.7-p160/lib -L.     -lsqlite3  -lruby-static -lsqlite3  -ldl -lobjc  "
conftest.c: In function 't':
conftest.c:3: error: 'sqlite3_enable_load_extension' undeclared (first use in this function)
conftest.c:3: error: (Each undeclared identifier is reported only once
conftest.c:3: error: for each function it appears in.)
checked program was:
/* begin */
1: /*top*/
2: int main() { return 0; }
3: int t() { void ((*volatile p)()); p = (void ((*)()))sqlite3_enable_load_extension; return 0; }
/* end */

"gcc -o conftest -I. -I/Users/vasily/.rvm/rubies/ruby-1.8.7-p160/lib/ruby/1.8/i686-darwin10.6.0 -I.  -D_XOPEN_SOURCE -D_DARWIN_C_SOURCE   -g -O2  -fno-common -pipe -fno-common   conftest.c  -L. -L/Users/vasily/.rvm/rubies/ruby-1.8.7-p160/lib -L.     -lsqlite3  -lruby-static -lsqlite3  -ldl -lobjc  "
Undefined symbols:
  "_sqlite3_enable_load_extension", referenced from:
      _t in ccWkqPyD.o
ld: symbol(s) not found
collect2: ld returned 1 exit status
checked program was:
/* begin */
1: /*top*/
2: int main() { return 0; }
3: int t() { sqlite3_enable_load_extension(); return 0; }
/* end */

--------------------

have_func: checking for sqlite3_load_extension()... -------------------- no

"gcc -o conftest -I. -I/Users/vasily/.rvm/rubies/ruby-1.8.7-p160/lib/ruby/1.8/i686-darwin10.6.0 -I.  -D_XOPEN_SOURCE -D_DARWIN_C_SOURCE   -g -O2  -fno-common -pipe -fno-common   conftest.c  -L. -L/Users/vasily/.rvm/rubies/ruby-1.8.7-p160/lib -L.     -lsqlite3  -lruby-static -lsqlite3  -ldl -lobjc  "
conftest.c: In function 't':
conftest.c:3: error: 'sqlite3_load_extension' undeclared (first use in this function)
conftest.c:3: error: (Each undeclared identifier is reported only once
conftest.c:3: error: for each function it appears in.)
checked program was:
/* begin */
1: /*top*/
2: int main() { return 0; }
3: int t() { void ((*volatile p)()); p = (void ((*)()))sqlite3_load_extension; return 0; }
/* end */

"gcc -o conftest -I. -I/Users/vasily/.rvm/rubies/ruby-1.8.7-p160/lib/ruby/1.8/i686-darwin10.6.0 -I.  -D_XOPEN_SOURCE -D_DARWIN_C_SOURCE   -g -O2  -fno-common -pipe -fno-common   conftest.c  -L. -L/Users/vasily/.rvm/rubies/ruby-1.8.7-p160/lib -L.     -lsqlite3  -lruby-static -lsqlite3  -ldl -lobjc  "
Undefined symbols:
  "_sqlite3_load_extension", referenced from:
      _t in ccu1UWJw.o
ld: symbol(s) not found
collect2: ld returned 1 exit status
checked program was:
/* begin */
1: /*top*/
2: int main() { return 0; }
3: int t() { sqlite3_load_extension(); return 0; }
/* end */

--------------------

